<?xml version="1.0" encoding="UTF-8"?>
<testng-results ignored="0" total="1" passed="1" failed="0" skipped="0">
  <reporter-output>
  </reporter-output>
  <suite started-at="2023-12-18T13:39:26Z" name="Suite" finished-at="2023-12-18T13:39:26Z" duration-ms="54">
    <groups>
    </groups>
    <test started-at="2023-12-18T13:39:26Z" name="Test" finished-at="2023-12-18T13:39:26Z" duration-ms="54">
      <class name="project.Testng1">
        <test-method signature="add()[pri:0, instance:project.Testng1@6ce86ce1]" started-at="2023-12-18T13:39:26Z" name="add" finished-at="2023-12-18T13:39:26Z" duration-ms="15" status="PASS">
          <reporter-output>
          </reporter-output>
        </test-method> <!-- add -->
      </class> <!-- project.Testng1 -->
    </test> <!-- Test -->
  </suite> <!-- Suite -->
</testng-results>
