<?xml version="1.0" encoding="UTF-8"?>
<testng-results ignored="0" total="1" passed="1" failed="0" skipped="0">
  <reporter-output>
  </reporter-output>
  <suite started-at="2023-12-17T05:33:57Z" name="Default suite" finished-at="2023-12-17T05:33:57Z" duration-ms="83">
    <groups>
    </groups>
    <test started-at="2023-12-17T05:33:57Z" name="Default test" finished-at="2023-12-17T05:33:57Z" duration-ms="83">
      <class name="project.Testng1">
        <test-method signature="add()[pri:0, instance:project.Testng1@6ce86ce1]" started-at="2023-12-17T05:33:57Z" name="add" finished-at="2023-12-17T05:33:57Z" duration-ms="17" status="PASS">
          <reporter-output>
          </reporter-output>
        </test-method> <!-- add -->
      </class> <!-- project.Testng1 -->
    </test> <!-- Default test -->
  </suite> <!-- Default suite -->
</testng-results>
